<?xml version="1.0" encoding="UTF-8" standalone="no"?>
<testsuite failures="0" name="cucumber.runtime.formatter.JUnitFormatter" skipped="0" tests="1" time="3.335135">
    <testcase classname="Policy quote" name="Validate user is allowed to fill details fields" time="3.335135">
        <system-out><![CDATA[Given I access URL "Application_URL"........................................passed
When I select "Title" in "Home_DetailsPage_TitleOption".....................passed
And I enter "First_Name" in "Home_DetailsPage_FirstNameField"...............passed
And I enter "Last_Name" in "Home_DetailsPage_LastNameField".................passed
And I select "DOB_Day" in "Home_DetailsPage_DOB_DayOption"..................passed
And I select "DOB_Month" in "Home_DetailsPage_DOB_MonthOption"..............passed
And I select "DOB_Year" in "Home_DetailsPage_DOB_YearOption"................passed
]]></system-out>
    </testcase>
</testsuite>
