<?xml version="1.0" encoding="UTF-8"?>
<testsuite xmlns:xsi="http://www.w3.org/2001/XMLSchema-instance" xsi:noNamespaceSchemaLocation="https://maven.apache.org/surefire/maven-surefire-plugin/xsd/surefire-test-report.xsd" name="runner.TestRunner" time="6.098" tests="8" errors="0" skipped="0" failures="0">
  <properties>
[...]
</properties>
  <testcase name="Given I access URL &quot;Application_URL&quot;" classname="Scenario: Validate user is allowed to fill details fields" time="0.008"/>
  <testcase name="When I select &quot;Title&quot; in &quot;Home_DetailsPage_TitleOption&quot;" classname="Scenario: Validate user is allowed to fill details fields" time="0"/>
  <testcase name="And I enter &quot;First_Name&quot; in &quot;Home_DetailsPage_FirstNameField&quot;" classname="Scenario: Validate user is allowed to fill details fields" time="0"/>
  <testcase name="And I enter &quot;Last_Name&quot; in &quot;Home_DetailsPage_LastNameField&quot;" classname="Scenario: Validate user is allowed to fill details fields" time="0.001"/>
  <testcase name="And I select &quot;DOB_Day&quot; in &quot;Home_DetailsPage_DOB_DayOption&quot;" classname="Scenario: Validate user is allowed to fill details fields" time="0"/>
  <testcase name="And I select &quot;DOB_Month&quot; in &quot;Home_DetailsPage_DOB_MonthOption&quot;" classname="Scenario: Validate user is allowed to fill details fields" time="0"/>
  <testcase name="And I select &quot;DOB_Year&quot; in &quot;Home_DetailsPage_DOB_YearOption&quot;" classname="Scenario: Validate user is allowed to fill details fields" time="0"/>
  <testcase name="Scenario: Validate user is allowed to fill details fields" classname="Scenario: Validate user is allowed to fill details fields" time="0.003"/>
</testsuite>